00001 012345678901234567890123456789012345678901234567890123456789012345678901234567890123456789012345678901234567890123456789
00002 012345678901234567890123456789012345678901234567890123456789012345678901234567890123456789012345678901234567890123456789
00003 012345678901234567890123456789012345678901234567890123456789012345678901234567890123456789012345678901234567890123456789
00004 012345678901234567890123456789012345678901234567890123456789012345678901234567890123456789012345678901234567890123456789
00005 012345678901234567890123456789012345678901234567890123456789012345678901234567890123456789012345678901234567890123456789
00006 012345678901234567890123456789012345678901234567890123456789012345678901234567890123456789012345678901234567890123456789
00007 012345678901234567890123456789012345678901234567890123456789012345678901234567890123456789012345678901234567890123456789
00008 012345678901234567890123456789012345678901234567890123456789012345678901234567890123456789012345678901234567890123456789
00009 012345678901234567890123456789012345678901234567890123456789012345678901234567890123456789012345678901234567890123456789
00010 012345678901234567890123456789012345678901234567890123456789012345678901234567890123456789012345678901234567890123456789
00011 012345678901234567890123456789012345678901234567890123456789012345678901234567890123456789012345678901234567890123456789
00012 012345678901234567890123456789012345678901234567890123456789012345678901234567890123456789012345678901234567890123456789
00013 012345678901234567890123456789012345678901234567890123456789012345678901234567890123456789012345678901234567890123456789
00014 012345678901234567890123456789012345678901234567890123456789012345678901234567890123456789012345678901234567890123456789
00015 012345678901234567890123456789012345678901234567890123456789012345678901234567890123456789012345678901234567890123456789
00016 012345678901234567890123456789012345678901234567890123456789012345678901234567890123456789012345678901234567890123456789
00017 012345678901234567890123456789012345678901234567890123456789012345678901234567890123456789012345678901234567890123456789
00018 012345678901234567890123456789012345678901234567890123456789012345678901234567890123456789012345678901234567890123456789
00019 012345678901234567890123456789012345678901234567890123456789012345678901234567890123456789012345678901234567890123456789
00020 012345678901234567890123456789012345678901234567890123456789012345678901234567890123456789012345678901234567890123456789
00021 012345678901234567890123456789012345678901234567890123456789012345678901234567890123456789012345678901234567890123456789
00022 012345678901234567890123456789012345678901234567890123456789012345678901234567890123456789012345678901234567890123456789
00023 012345678901234567890123456789012345678901234567890123456789012345678901234567890123456789012345678901234567890123456789
00024 012345678901234567890123456789012345678901234567890123456789012345678901234567890123456789012345678901234567890123456789
00025 012345678901234567890123456789012345678901234567890123456789012345678901234567890123456789012345678901234567890123456789
00026 012345678901234567890123456789012345678901234567890123456789012345678901234567890123456789012345678901234567890123456789
00027 012345678901234567890123456789012345678901234567890123456789012345678901234567890123456789012345678901234567890123456789
00028 012345678901234567890123456789012345678901234567890123456789012345678901234567890123456789012345678901234567890123456789
00029 012345678901234567890123456789012345678901234567890123456789012345678901234567890123456789012345678901234567890123456789
00030 012345678901234567890123456789012345678901234567890123456789012345678901234567890123456789012345678901234567890123456789
00031 012345678901234567890123456789012345678901234567890123456789012345678901234567890123456789012345678901234567890123456789
00032 012345678901234567890123456789012345678901234567890123456789012345678901234567890123456789012345678901234567890123456789
00033 012345678901234567890123456789012345678901234567890123456789012345678901234567890123456789012345678901234567890123456789
00034 012345678901234567890123456789012345678901234567890123456789012345678901234567890123456789012345678901234567890123456789
00035 012345678901234567890123456789012345678901234567890123456789012345678901234567890123456789012345678901234567890123456789
00036 012345678901234567890123456789012345678901234567890123456789012345678901234567890123456789012345678901234567890123456789
00037 012345678901234567890123456789012345678901234567890123456789012345678901234567890123456789012345678901234567890123456789
00038 012345678901234567890123456789012345678901234567890123456789012345678901234567890123456789012345678901234567890123456789
00039 012345678901234567890123456789012345678901234567890123456789012345678901234567890123456789012345678901234567890123456789
00040 012345678901234567890123456789012345678901234567890123456789012345678901234567890123456789012345678901234567890123456789
00041 012345678901234567890123456789012345678901234567890123456789012345678901234567890123456789012345678901234567890123456789
00042 012345678901234567890123456789012345678901234567890123456789012345678901234567890123456789012345678901234567890123456789
00043 012345678901234567890123456789012345678901234567890123456789012345678901234567890123456789012345678901234567890123456789
00044 012345678901234567890123456789012345678901234567890123456789012345678901234567890123456789012345678901234567890123456789
00045 012345678901234567890123456789012345678901234567890123456789012345678901234567890123456789012345678901234567890123456789
00046 012345678901234567890123456789012345678901234567890123456789012345678901234567890123456789012345678901234567890123456789
00047 012345678901234567890123456789012345678901234567890123456789012345678901234567890123456789012345678901234567890123456789
00048 012345678901234567890123456789012345678901234567890123456789012345678901234567890123456789012345678901234567890123456789
00049 012345678901234567890123456789012345678901234567890123456789012345678901234567890123456789012345678901234567890123456789
00050 012345678901234567890123456789012345678901234567890123456789012345678901234567890123456789012345678901234567890123456789
00051 012345678901234567890123456789012345678901234567890123456789012345678901234567890123456789012345678901234567890123456789
00052 012345678901234567890123456789012345678901234567890123456789012345678901234567890123456789012345678901234567890123456789
00053 012345678901234567890123456789012345678901234567890123456789012345678901234567890123456789012345678901234567890123456789
00054 012345678901234567890123456789012345678901234567890123456789012345678901234567890123456789012345678901234567890123456789
00055 012345678901234567890123456789012345678901234567890123456789012345678901234567890123456789012345678901234567890123456789
00056 012345678901234567890123456789012345678901234567890123456789012345678901234567890123456789012345678901234567890123456789
00057 012345678901234567890123456789012345678901234567890123456789012345678901234567890123456789012345678901234567890123456789
00058 012345678901234567890123456789012345678901234567890123456789012345678901234567890123456789012345678901234567890123456789
00059 012345678901234567890123456789012345678901234567890123456789012345678901234567890123456789012345678901234567890123456789
00060 012345678901234567890123456789012345678901234567890123456789012345678901234567890123456789012345678901234567890123456789
00061 012345678901234567890123456789012345678901234567890123456789012345678901234567890123456789012345678901234567890123456789
00062 012345678901234567890123456789012345678901234567890123456789012345678901234567890123456789012345678901234567890123456789
00063 012345678901234567890123456789012345678901234567890123456789012345678901234567890123456789012345678901234567890123456789
00064 012345678901234567890123456789012345678901234567890123456789012345678901234567890123456789012345678901234567890123456789
00065 012345678901234567890123456789012345678901234567890123456789012345678901234567890123456789012345678901234567890123456789
00066 012345678901234567890123456789012345678901234567890123456789012345678901234567890123456789012345678901234567890123456789
00067 012345678901234567890123456789012345678901234567890123456789012345678901234567890123456789012345678901234567890123456789
00068 012345678901234567890123456789012345678901234567890123456789012345678901234567890123456789012345678901234567890123456789
00069 012345678901234567890123456789012345678901234567890123456789012345678901234567890123456789012345678901234567890123456789
00070 012345678901234567890123456789012345678901234567890123456789012345678901234567890123456789012345678901234567890123456789
00071 012345678901234567890123456789012345678901234567890123456789012345678901234567890123456789012345678901234567890123456789
00072 012345678901234567890123456789012345678901234567890123456789012345678901234567890123456789012345678901234567890123456789
00073 012345678901234567890123456789012345678901234567890123456789012345678901234567890123456789012345678901234567890123456789
00074 012345678901234567890123456789012345678901234567890123456789012345678901234567890123456789012345678901234567890123456789
00075 012345678901234567890123456789012345678901234567890123456789012345678901234567890123456789012345678901234567890123456789
00076 012345678901234567890123456789012345678901234567890123456789012345678901234567890123456789012345678901234567890123456789
00077 012345678901234567890123456789012345678901234567890123456789012345678901234567890123456789012345678901234567890123456789
00078 012345678901234567890123456789012345678901234567890123456789012345678901234567890123456789012345678901234567890123456789
00079 012345678901234567890123456789012345678901234567890123456789012345678901234567890123456789012345678901234567890123456789
00080 012345678901234567890123456789012345678901234567890123456789012345678901234567890123456789012345678901234567890123456789
00081 012345678901234567890123456789012345678901234567890123456789012345678901234567890123456789012345678901234567890123456789
00082 012345678901234567890123456789012345678901234567890123456789012345678901234567890123456789012345678901234567890123456789
00083 012345678901234567890123456789012345678901234567890123456789012345678901234567890123456789012345678901234567890123456789
00084 012345678901234567890123456789012345678901234567890123456789012345678901234567890123456789012345678901234567890123456789
00085 012345678901234567890123456789012345678901234567890123456789012345678901234567890123456789012345678901234567890123456789
00086 012345678901234567890123456789012345678901234567890123456789012345678901234567890123456789012345678901234567890123456789
00087 012345678901234567890123456789012345678901234567890123456789012345678901234567890123456789012345678901234567890123456789
00088 012345678901234567890123456789012345678901234567890123456789012345678901234567890123456789012345678901234567890123456789
00089 012345678901234567890123456789012345678901234567890123456789012345678901234567890123456789012345678901234567890123456789
00090 012345678901234567890123456789012345678901234567890123456789012345678901234567890123456789012345678901234567890123456789
00091 012345678901234567890123456789012345678901234567890123456789012345678901234567890123456789012345678901234567890123456789
00092 012345678901234567890123456789012345678901234567890123456789012345678901234567890123456789012345678901234567890123456789
00093 012345678901234567890123456789012345678901234567890123456789012345678901234567890123456789012345678901234567890123456789
00094 012345678901234567890123456789012345678901234567890123456789012345678901234567890123456789012345678901234567890123456789
00095 012345678901234567890123456789012345678901234567890123456789012345678901234567890123456789012345678901234567890123456789
00096 012345678901234567890123456789012345678901234567890123456789012345678901234567890123456789012345678901234567890123456789
00097 012345678901234567890123456789012345678901234567890123456789012345678901234567890123456789012345678901234567890123456789
00098 012345678901234567890123456789012345678901234567890123456789012345678901234567890123456789012345678901234567890123456789
00099 012345678901234567890123456789012345678901234567890123456789012345678901234567890123456789012345678901234567890123456789
